# JRE version: OpenJDK Runtime Environment Temurin-17.0.2+8 (17.0.2+8) (build 17.0.2+8)
# Java VM: OpenJDK 64-Bit Server VM Temurin-17.0.2+8 (17.0.2+8, mixed mode, emulated-client, tiered, compressed oops, compressed class ptrs, g1 gc, windows-amd64)
GC Precious Log:
 CPUs: 4 total, 4 available
 Memory: 4007M
 Large Page Support: Disabled
 NUMA Support: Disabled
 Compressed Oops: Enabled (32-bit)
 Heap Region Size: 1M
 Heap Min Capacity: 8M
 Heap Initial Capacity: 64M
 Heap Max Capacity: 1002M
 Pre-touch: Disabled
 Parallel Workers: 4
 Concurrent Workers: 1
 Concurrent Refinement Workers: 4
 Periodic GC: Disabled
Heap:
 garbage-first heap   total 58368K, used 23564K [0x00000000c1600000, 0x0000000100000000)
  region size 1024K, 8 young (8192K), 1 survivors (1024K)
 Metaspace       used 40636K, committed 41024K, reserved 1089536K
  class space    used 5339K, committed 5568K, reserved 1048576K
GC Heap History (20 events):
Event: 3.923 GC heap before
{Heap before GC invocations=2 (full 0):
 garbage-first heap   total 65536K, used 28011K [0x00000000c1600000, 0x0000000100000000)
  region size 1024K, 22 young (22528K), 2 survivors (2048K)
 Metaspace       used 20199K, committed 20480K, reserved 1073152K
  class space    used 2349K, committed 2496K, reserved 1048576K
}
Event: 3.935 GC heap after
{Heap after GC invocations=3 (full 0):
 garbage-first heap   total 65536K, used 9011K [0x00000000c1600000, 0x0000000100000000)
  region size 1024K, 3 young (3072K), 3 survivors (3072K)
 Metaspace       used 20199K, committed 20480K, reserved 1073152K
  class space    used 2349K, committed 2496K, reserved 1048576K
}
Event: 4.043 GC heap before
{Heap before GC invocations=3 (full 0):
 garbage-first heap   total 65536K, used 12083K [0x00000000c1600000, 0x0000000100000000)
  region size 1024K, 8 young (8192K), 3 survivors (3072K)
 Metaspace       used 21272K, committed 21504K, reserved 1073152K
  class space    used 2486K, committed 2624K, reserved 1048576K
}
Event: 4.049 GC heap after
{Heap after GC invocations=4 (full 0):
 garbage-first heap   total 65536K, used 9454K [0x00000000c1600000, 0x0000000100000000)
  region size 1024K, 2 young (2048K), 2 survivors (2048K)
 Metaspace       used 21272K, committed 21504K, reserved 1073152K
  class space    used 2486K, committed 2624K, reserved 1048576K
}
Event: 4.612 GC heap before
{Heap before GC invocations=5 (full 0):
 garbage-first heap   total 37888K, used 27886K [0x00000000c1600000, 0x0000000100000000)
  region size 1024K, 21 young (21504K), 2 survivors (2048K)
 Metaspace       used 24667K, committed 24960K, reserved 1073152K
  class space    used 3066K, committed 3200K, reserved 1048576K
}
Event: 4.619 GC heap after
{Heap after GC invocations=6 (full 0):
 garbage-first heap   total 37888K, used 10310K [0x00000000c1600000, 0x0000000100000000)
  region size 1024K, 3 young (3072K), 3 survivors (3072K)
 Metaspace       used 24667K, committed 24960K, reserved 1073152K
  class space    used 3066K, committed 3200K, reserved 1048576K
}
Event: 4.640 GC heap before
{Heap before GC invocations=6 (full 0):
 garbage-first heap   total 37888K, used 11334K [0x00000000c1600000, 0x0000000100000000)
  region size 1024K, 4 young (4096K), 3 survivors (3072K)
 Metaspace       used 24844K, committed 25088K, reserved 1073152K
  class space    used 3089K, committed 3200K, reserved 1048576K
}
Event: 4.647 GC heap after
{Heap after GC invocations=7 (full 0):
 garbage-first heap   total 37888K, used 10578K [0x00000000c1600000, 0x0000000100000000)
  region size 1024K, 1 young (1024K), 1 survivors (1024K)
 Metaspace       used 24844K, committed 25088K, reserved 1073152K
  class space    used 3089K, committed 3200K, reserved 1048576K
}
Event: 5.019 GC heap before
{Heap before GC invocations=7 (full 0):
 garbage-first heap   total 37888K, used 24914K [0x00000000c1600000, 0x0000000100000000)
  region size 1024K, 15 young (15360K), 1 survivors (1024K)
 Metaspace       used 27371K, committed 27712K, reserved 1081344K
  class space    used 3368K, committed 3520K, reserved 1048576K
}
Event: 5.022 GC heap after
{Heap after GC invocations=8 (full 0):
 garbage-first heap   total 37888K, used 11299K [0x00000000c1600000, 0x0000000100000000)
  region size 1024K, 2 young (2048K), 2 survivors (2048K)
 Metaspace       used 27371K, committed 27712K, reserved 1081344K
  class space    used 3368K, committed 3520K, reserved 1048576K
}
Event: 5.369 GC heap before
{Heap before GC invocations=8 (full 0):
 garbage-first heap   total 37888K, used 24611K [0x00000000c1600000, 0x0000000100000000)
  region size 1024K, 16 young (16384K), 2 survivors (2048K)
 Metaspace       used 29668K, committed 29952K, reserved 1081344K
  class space    used 3640K, committed 3776K, reserved 1048576K
}
Event: 5.375 GC heap after
{Heap after GC invocations=9 (full 0):
 garbage-first heap   total 37888K, used 12172K [0x00000000c1600000, 0x0000000100000000)
  region size 1024K, 1 young (1024K), 1 survivors (1024K)
 Metaspace       used 29668K, committed 29952K, reserved 1081344K
  class space    used 3640K, committed 3776K, reserved 1048576K
}
Event: 6.047 GC heap before
{Heap before GC invocations=9 (full 0):
 garbage-first heap   total 37888K, used 26508K [0x00000000c1600000, 0x0000000100000000)
  region size 1024K, 16 young (16384K), 1 survivors (1024K)
 Metaspace       used 31244K, committed 31616K, reserved 1081344K
  class space    used 3893K, committed 4096K, reserved 1048576K
}
Event: 6.059 GC heap after
{Heap after GC invocations=10 (full 0):
 garbage-first heap   total 68608K, used 12950K [0x00000000c1600000, 0x0000000100000000)
  region size 1024K, 2 young (2048K), 2 survivors (2048K)
 Metaspace       used 31244K, committed 31616K, reserved 1081344K
  class space    used 3893K, committed 4096K, reserved 1048576K
}
Event: 10.857 GC heap before
{Heap before GC invocations=10 (full 0):
 garbage-first heap   total 68608K, used 43670K [0x00000000c1600000, 0x0000000100000000)
  region size 1024K, 33 young (33792K), 2 survivors (2048K)
 Metaspace       used 35966K, committed 36288K, reserved 1081344K
  class space    used 4633K, committed 4800K, reserved 1048576K
}
Event: 10.876 GC heap after
{Heap after GC invocations=11 (full 0):
 garbage-first heap   total 68608K, used 15631K [0x00000000c1600000, 0x0000000100000000)
  region size 1024K, 5 young (5120K), 5 survivors (5120K)
 Metaspace       used 35966K, committed 36288K, reserved 1081344K
  class space    used 4633K, committed 4800K, reserved 1048576K
}
Event: 14.172 GC heap before
{Heap before GC invocations=12 (full 0):
 garbage-first heap   total 58368K, used 44303K [0x00000000c1600000, 0x0000000100000000)
  region size 1024K, 34 young (34816K), 5 survivors (5120K)
 Metaspace       used 39425K, committed 39808K, reserved 1089536K
  class space    used 5119K, committed 5312K, reserved 1048576K
}
Event: 14.209 GC heap after
{Heap after GC invocations=13 (full 0):
 garbage-first heap   total 58368K, used 17679K [0x00000000c1600000, 0x0000000100000000)
  region size 1024K, 3 young (3072K), 3 survivors (3072K)
 Metaspace       used 39425K, committed 39808K, reserved 1089536K
  class space    used 5119K, committed 5312K, reserved 1048576K
}
Event: 14.324 GC heap before
{Heap before GC invocations=13 (full 0):
 garbage-first heap   total 58368K, used 18703K [0x00000000c1600000, 0x0000000100000000)
  region size 1024K, 4 young (4096K), 3 survivors (3072K)
 Metaspace       used 39588K, committed 40000K, reserved 1089536K
  class space    used 5159K, committed 5376K, reserved 1048576K
}
Event: 14.347 GC heap after
{Heap after GC invocations=14 (full 0):
 garbage-first heap   total 58368K, used 17420K [0x00000000c1600000, 0x0000000100000000)
  region size 1024K, 1 young (1024K), 1 survivors (1024K)
 Metaspace       used 39588K, committed 40000K, reserved 1089536K
  class space    used 5159K, committed 5376K, reserved 1048576K
}

